<?xml version="1.0" encoding="UTF-8"?>
<!-- Generated by org.testng.reporters.JUnitXMLReporter -->
<testsuite ignored="0" hostname="user-PC" failures="1" tests="5" name="MyTest" time="0.26" errors="0" timestamp="2023-10-12T21:50:45 IST">
  <testcase classname="tesNGPractice.DependentMethods" name="openApp" time="0.022"/>
  <testcase classname="tesNGPractice.DependentMethods" name="login" time="0.004"/>
  <testcase classname="tesNGPractice.DependentMethods" name="search" time="0.025">
    <failure type="java.lang.AssertionError" message="expected [true] but found [false]">
      <![CDATA[java.lang.AssertionError: expected [true] but found [false]
at tesNGPractice.DependentMethods.search(DependentMethods.java:18)
at java.base/java.util.ArrayList.forEach(ArrayList.java:1540)
... Removed 31 stack frames]]>
    </failure>
  </testcase> <!-- search -->
  <testcase classname="tesNGPractice.DependentMethods" name="advSearch" time="0.001">
    <skipped/>
  </testcase> <!-- advSearch -->
  <testcase classname="tesNGPractice.DependentMethods" name="logout" time="0.009"/>
</testsuite> <!-- MyTest -->
